2024-11-05 10:22:55,707 [INFO] Activator:176 - 


2024-11-05 10:22:55,707 [INFO] Activator:177 - !SESSION log4j initialized
2024-11-05 10:22:57,167 [INFO] LogOutputStream:77 - [STDOUT_REDIRECT] 
2024-11-05 10:22:57,809 [INFO] ApplicationProperties:184 - Using Application install path: /opt/st/stm32cubeide_1.13.0/plugins/com.st.stm32cube.common.mx_6.9.0.202307051724
2024-11-05 10:22:57,824 [INFO] DbMcusXml:78 - Set database path to: /opt/st/stm32cubeide_1.13.0/plugins/com.st.stm32cube.common.mx_6.9.0.202307051724//db//mcu/
2024-11-05 10:22:57,824 [INFO] ApiDb:274 - Set plugin database path to: /opt/st/stm32cubeide_1.13.0/plugins/com.st.stm32cube.common.mx_6.9.0.202307051724//db//plugins/boardmanager/
2024-11-05 10:22:57,824 [WARN] ApiDb:259 - Overriding images path with different value:  => /opt/st/stm32cubeide_1.13.0/plugins/com.st.stm32cube.common.mx_6.9.0.202307051724//db//plugins/mcufinder/images/
2024-11-05 10:22:57,833 [INFO] ApiDb:250 - Set database path to: /home/esolotin/.stmcufinder/plugins/mcufinder//mcu/
2024-11-05 10:22:57,833 [INFO] DbMcusAds:125 - Set database path to: /home/esolotin/.stmcufinder/plugins/mcufinder//mcu/
2024-11-05 10:22:57,835 [INFO] CrossReferenceDbSqlite:203 - Set database path to: /home/esolotin/.stmcufinder/plugins/mcufinder//mcu/cs/
2024-11-05 10:22:57,894 [INFO] RulesReader:64 - Compatibility file has been processed (293 Rules)
2024-11-05 10:22:57,942 [INFO] DbMcusXml:78 - Set database path to: /opt/st/stm32cubeide_1.13.0/plugins/com.st.stm32cube.common.mx_6.9.0.202307051724//db//mcu/
2024-11-05 10:22:57,942 [INFO] ApiDb:274 - Set plugin database path to: /opt/st/stm32cubeide_1.13.0/plugins/com.st.stm32cube.common.mx_6.9.0.202307051724//db//plugins/boardmanager/
2024-11-05 10:22:57,942 [INFO] ApiDb:261 - Set plugin images path to: /opt/st/stm32cubeide_1.13.0/plugins/com.st.stm32cube.common.mx_6.9.0.202307051724//db//plugins/mcufinder/images/
2024-11-05 10:22:57,943 [WARN] DbFile:41 - Overriding database path with different value: /home/esolotin/.stmcufinder/plugins/mcufinder/ => /home/esolotin/.stmcufinder/plugins/mcufinder
2024-11-05 10:22:57,943 [INFO] ApiDb:250 - Set database path to: /home/esolotin/.stmcufinder/plugins/mcufinder//mcu/
2024-11-05 10:22:57,943 [WARN] DbFile:41 - Overriding database path with different value: /home/esolotin/.stmcufinder/plugins/mcufinder/ => /home/esolotin/.stmcufinder/plugins/mcufinder
2024-11-05 10:22:57,943 [INFO] DbMcusAds:125 - Set database path to: /home/esolotin/.stmcufinder/plugins/mcufinder//mcu/
2024-11-05 10:22:57,943 [WARN] DbFile:41 - Overriding database path with different value: /home/esolotin/.stmcufinder/plugins/mcufinder/ => /home/esolotin/.stmcufinder/plugins/mcufinder
2024-11-05 10:22:57,943 [WARN] DbFile:41 - Overriding database path with different value: /home/esolotin/.stmcufinder/plugins/mcufinder/ => /home/esolotin/.stmcufinder/plugins/mcufinder
2024-11-05 10:22:57,943 [INFO] CrossReferenceDbSqlite:203 - Set database path to: /home/esolotin/.stmcufinder/plugins/mcufinder//mcu/cs/
2024-11-05 10:22:57,999 [INFO] MainPanel:262 - HeapMemory: 268435456
2024-11-05 10:22:58,068 [INFO] DbMcusXml:78 - Set database path to: /opt/st/stm32cubeide_1.13.0/plugins/com.st.stm32cube.common.mx_6.9.0.202307051724//db//mcu/
2024-11-05 10:22:58,068 [INFO] ApiDb:274 - Set plugin database path to: /opt/st/stm32cubeide_1.13.0/plugins/com.st.stm32cube.common.mx_6.9.0.202307051724//db//plugins/boardmanager/
2024-11-05 10:22:58,068 [INFO] ApiDb:261 - Set plugin images path to: /opt/st/stm32cubeide_1.13.0/plugins/com.st.stm32cube.common.mx_6.9.0.202307051724//db//plugins/mcufinder/images/
2024-11-05 10:22:58,069 [WARN] DbFile:41 - Overriding database path with different value: /home/esolotin/.stmcufinder/plugins/mcufinder/ => /home/esolotin/.stmcufinder/plugins/mcufinder
2024-11-05 10:22:58,069 [INFO] ApiDb:250 - Set database path to: /home/esolotin/.stmcufinder/plugins/mcufinder//mcu/
2024-11-05 10:22:58,069 [WARN] DbFile:41 - Overriding database path with different value: /home/esolotin/.stmcufinder/plugins/mcufinder/ => /home/esolotin/.stmcufinder/plugins/mcufinder
2024-11-05 10:22:58,069 [INFO] DbMcusAds:125 - Set database path to: /home/esolotin/.stmcufinder/plugins/mcufinder//mcu/
2024-11-05 10:22:58,069 [WARN] DbFile:41 - Overriding database path with different value: /home/esolotin/.stmcufinder/plugins/mcufinder/ => /home/esolotin/.stmcufinder/plugins/mcufinder
2024-11-05 10:22:58,069 [WARN] DbFile:41 - Overriding database path with different value: /home/esolotin/.stmcufinder/plugins/mcufinder/ => /home/esolotin/.stmcufinder/plugins/mcufinder
2024-11-05 10:22:58,069 [INFO] CrossReferenceDbSqlite:203 - Set database path to: /home/esolotin/.stmcufinder/plugins/mcufinder//mcu/cs/
2024-11-05 10:22:58,083 [INFO] ApplicationProperties:184 - Using Application install path: /opt/st/stm32cubeide_1.13.0/plugins/com.st.stm32cube.common.mx_6.9.0.202307051724
2024-11-05 10:22:58,084 [INFO] PluginManage:196 - Search for loadable plugins [exclusion list=, ]
2024-11-05 10:22:58,084 [INFO] PluginManage:310 - Check plugin analytics
2024-11-05 10:22:58,151 [INFO] AnalyticsPlugin:253 - Accepted Software Licenses: STM32CubeMX.6.8.0
2024-11-05 10:22:58,151 [INFO] AnalyticsPlugin:255 - Accepted CMSIS Pack Licenses: 
2024-11-05 10:22:58,151 [INFO] AnalyticsPlugin:257 - Accepted Firmware Licenses: 
2024-11-05 10:22:58,152 [INFO] PluginManage:359 - Loaded plugin analytics (category:tool,tabindex:-1)
2024-11-05 10:22:58,152 [INFO] PluginManage:310 - Check plugin cadmodel
2024-11-05 10:22:58,219 [INFO] CADModel:105 - Init CAD model plugin
2024-11-05 10:22:58,219 [INFO] PluginManage:359 - Loaded plugin cadmodel (category:power,tabindex:5)
2024-11-05 10:22:58,219 [INFO] PluginManage:310 - Check plugin clock
2024-11-05 10:22:58,227 [INFO] PluginManage:359 - Loaded plugin clock (category:base,tabindex:2)
2024-11-05 10:22:58,227 [INFO] PluginManage:310 - Check plugin ddr
2024-11-05 10:22:58,228 [INFO] PluginManage:359 - Loaded plugin ddr (category:tool,tabindex:6)
2024-11-05 10:22:58,228 [INFO] PluginManage:310 - Check plugin filemanager
2024-11-05 10:22:58,302 [INFO] PluginManage:359 - Loaded plugin filemanager (category:base,tabindex:10)
2024-11-05 10:22:58,302 [INFO] PluginManage:310 - Check plugin ipmanager
2024-11-05 10:22:58,308 [INFO] PluginManage:359 - Loaded plugin ipmanager (category:base,tabindex:5)
2024-11-05 10:22:58,308 [INFO] PluginManage:310 - Check plugin lpbam
2024-11-05 10:22:58,314 [INFO] PluginManage:359 - Loaded plugin lpbam (category:base,tabindex:0)
2024-11-05 10:22:58,314 [INFO] PluginManage:310 - Check plugin memorymap
2024-11-05 10:22:58,324 [INFO] PluginManage:359 - Loaded plugin memorymap (category:base,tabindex:4)
2024-11-05 10:22:58,324 [INFO] PluginManage:310 - Check plugin pinoutandconfiguration
2024-11-05 10:22:58,328 [INFO] PluginManage:359 - Loaded plugin pinoutandconfiguration (category:base,tabindex:1)
2024-11-05 10:22:58,328 [INFO] PluginManage:310 - Check plugin pinoutconfig
2024-11-05 10:22:58,382 [WARN] SupportedApi:132 - Cannot load RTOS API schema: s4s-elt-must-match.1: The content of 'definitions' must match (annotation?, (simpleType | complexType)?, (unique | key | keyref)*)). A problem was found starting at: attribute.
2024-11-05 10:22:58,452 [INFO] PluginManage:359 - Loaded plugin pinoutconfig (category:base,tabindex:0)
2024-11-05 10:22:58,452 [INFO] PluginManage:310 - Check plugin power
2024-11-05 10:22:58,460 [INFO] PluginManage:359 - Loaded plugin power (category:power,tabindex:4)
2024-11-05 10:22:58,460 [INFO] PluginManage:310 - Check plugin projectmanager
2024-11-05 10:22:58,468 [INFO] PluginManage:359 - Loaded plugin projectmanager (category:projectmanager,tabindex:3)
2024-11-05 10:22:58,468 [INFO] PluginManage:310 - Check plugin thirdparty
2024-11-05 10:22:58,535 [INFO] PluginManage:359 - Loaded plugin thirdparty (category:base,tabindex:-1)
2024-11-05 10:22:58,535 [INFO] PluginManage:310 - Check plugin tools
2024-11-05 10:22:58,535 [WARN] IntegrityCheckThread:84 - waiting for thirdparty lock release [integrity check]
2024-11-05 10:22:58,535 [INFO] IntegrityCheckThread:86 - entering critical section [integrity check]
2024-11-05 10:22:58,536 [INFO] ThirdPartyUpdaterWithRetryManager:70 - Updater plugin not ready yet. [1/15]
2024-11-05 10:22:58,537 [INFO] PluginManage:359 - Loaded plugin tools (category:base,tabindex:7)
2024-11-05 10:22:58,537 [INFO] PluginManage:310 - Check plugin tutovideos
2024-11-05 10:22:58,638 [INFO] PluginManage:359 - Loaded plugin tutovideos (category:base,tabindex:-1)
2024-11-05 10:22:58,638 [INFO] PluginManage:310 - Check plugin updater
2024-11-05 10:22:58,646 [INFO] PluginManage:359 - Loaded plugin updater (category:base,tabindex:12)
2024-11-05 10:22:58,646 [INFO] PluginManage:310 - Check plugin userauth
2024-11-05 10:22:58,650 [INFO] UserAuth:113 - Init User Auth plugin
2024-11-05 10:22:58,650 [INFO] PluginManage:359 - Loaded plugin userauth (category:base,tabindex:14)
2024-11-05 10:22:58,650 [INFO] PluginManage:283 - PluginManage : Loaded plugins [17]
2024-11-05 10:22:58,756 [INFO] PinOutPanel:1499 - setPackage(No Configuration,No Configuration)
2024-11-05 10:22:58,799 [INFO] CADModel:165 - CPN selected for project level
2024-11-05 10:22:58,799 [INFO] CADModel:114 - Register for checkConnection events
2024-11-05 10:22:58,808 [INFO] IPUIPlugin:80 - create IPUIPlugin
2024-11-05 10:22:58,809 [INFO] PluginManager:220 - loadIPPluginJar : add can
2024-11-05 10:22:58,811 [INFO] IPUIPlugin:80 - create IPUIPlugin
2024-11-05 10:22:58,811 [INFO] PluginManager:220 - loadIPPluginJar : add gtzc
2024-11-05 10:22:58,813 [INFO] IPUIPlugin:80 - create IPUIPlugin
2024-11-05 10:22:58,814 [INFO] PluginManager:220 - loadIPPluginJar : add nvic
2024-11-05 10:22:58,818 [INFO] IPUIPlugin:80 - create IPUIPlugin
2024-11-05 10:22:58,818 [INFO] PluginManager:220 - loadIPPluginJar : add linkedlist
2024-11-05 10:22:58,821 [INFO] IPUIPlugin:80 - create IPUIPlugin
2024-11-05 10:22:58,821 [INFO] PluginManager:220 - loadIPPluginJar : add stm32_wpan
2024-11-05 10:22:58,823 [INFO] IPUIPlugin:80 - create IPUIPlugin
2024-11-05 10:22:58,823 [INFO] PluginManager:220 - loadIPPluginJar : add lorawan
2024-11-05 10:22:58,824 [INFO] IPUIPlugin:80 - create IPUIPlugin
2024-11-05 10:22:58,824 [INFO] PluginManager:220 - loadIPPluginJar : add pdm2pcm
2024-11-05 10:22:58,826 [INFO] IPUIPlugin:80 - create IPUIPlugin
2024-11-05 10:22:58,826 [INFO] PluginManager:220 - loadIPPluginJar : add i3c
2024-11-05 10:22:58,826 [INFO] IPUIPlugin:80 - create IPUIPlugin
2024-11-05 10:22:58,826 [INFO] PluginManager:220 - loadIPPluginJar : add fatfs
2024-11-05 10:22:58,827 [INFO] IPUIPlugin:80 - create IPUIPlugin
2024-11-05 10:22:58,827 [INFO] PluginManager:220 - loadIPPluginJar : add usbx
2024-11-05 10:22:58,829 [INFO] IPUIPlugin:80 - create IPUIPlugin
2024-11-05 10:22:58,829 [INFO] PluginManager:220 - loadIPPluginJar : add sai
2024-11-05 10:22:58,833 [INFO] IPUIPlugin:80 - create IPUIPlugin
2024-11-05 10:22:58,833 [INFO] PluginManager:220 - loadIPPluginJar : add freertos
2024-11-05 10:22:58,834 [INFO] IPUIPlugin:80 - create IPUIPlugin
2024-11-05 10:22:58,834 [INFO] PluginManager:220 - loadIPPluginJar : add tim
2024-11-05 10:22:58,836 [INFO] IPUIPlugin:80 - create IPUIPlugin
2024-11-05 10:22:58,836 [INFO] PluginManager:220 - loadIPPluginJar : add openamp
2024-11-05 10:22:58,838 [INFO] IPUIPlugin:80 - create IPUIPlugin
2024-11-05 10:22:58,838 [INFO] PluginManager:220 - loadIPPluginJar : add comp
2024-11-05 10:22:58,842 [INFO] IPUIPlugin:80 - create IPUIPlugin
2024-11-05 10:22:58,842 [INFO] PluginManager:220 - loadIPPluginJar : add adc
2024-11-05 10:22:58,843 [INFO] IPUIPlugin:80 - create IPUIPlugin
2024-11-05 10:22:58,843 [INFO] PluginManager:220 - loadIPPluginJar : add ipddr
2024-11-05 10:22:58,848 [INFO] IPUIPlugin:80 - create IPUIPlugin
2024-11-05 10:22:58,849 [INFO] PluginManager:220 - loadIPPluginJar : add dma
2024-11-05 10:22:58,850 [INFO] IPUIPlugin:80 - create IPUIPlugin
2024-11-05 10:22:58,851 [INFO] PluginManager:220 - loadIPPluginJar : add quadspi
2024-11-05 10:22:58,858 [INFO] IPUIPlugin:80 - create IPUIPlugin
2024-11-05 10:22:58,858 [INFO] PluginManager:220 - loadIPPluginJar : add mdma
2024-11-05 10:22:58,863 [INFO] IPUIPlugin:80 - create IPUIPlugin
2024-11-05 10:22:58,864 [INFO] PluginManager:220 - loadIPPluginJar : add gpio
2024-11-05 10:22:58,867 [INFO] IPUIPlugin:80 - create IPUIPlugin
2024-11-05 10:22:58,867 [INFO] PluginManager:220 - loadIPPluginJar : add i2s
2024-11-05 10:22:58,872 [INFO] IPUIPlugin:80 - create IPUIPlugin
2024-11-05 10:22:58,872 [INFO] PluginManager:220 - loadIPPluginJar : add opamp
2024-11-05 10:22:58,875 [INFO] IPUIPlugin:80 - create IPUIPlugin
2024-11-05 10:22:58,875 [INFO] PluginManager:220 - loadIPPluginJar : add tsc
2024-11-05 10:22:58,879 [INFO] IPUIPlugin:80 - create IPUIPlugin
2024-11-05 10:22:58,880 [INFO] PluginManager:220 - loadIPPluginJar : add usart
2024-11-05 10:22:58,897 [INFO] IPUIPlugin:80 - create IPUIPlugin
2024-11-05 10:22:58,900 [INFO] PluginManager:220 - loadIPPluginJar : add plateformsettings
2024-11-05 10:22:58,901 [INFO] IPUIPlugin:80 - create IPUIPlugin
2024-11-05 10:22:58,901 [INFO] PluginManager:220 - loadIPPluginJar : add ltdc
2024-11-05 10:22:58,903 [INFO] IPUIPlugin:80 - create IPUIPlugin
2024-11-05 10:22:58,903 [INFO] PluginManager:220 - loadIPPluginJar : add aes
2024-11-05 10:22:58,905 [INFO] IPUIPlugin:80 - create IPUIPlugin
2024-11-05 10:22:58,905 [INFO] PluginManager:220 - loadIPPluginJar : add touchsensing
2024-11-05 10:22:58,908 [INFO] IPUIPlugin:80 - create IPUIPlugin
2024-11-05 10:22:58,908 [INFO] PluginManager:220 - loadIPPluginJar : add fmc
2024-11-05 10:22:58,910 [INFO] IPUIPlugin:80 - create IPUIPlugin
2024-11-05 10:22:58,910 [INFO] PluginManager:220 - loadIPPluginJar : add gfxmmu
2024-11-05 10:22:58,912 [INFO] IPUIPlugin:80 - create IPUIPlugin
2024-11-05 10:22:58,912 [INFO] PluginManager:220 - loadIPPluginJar : add gic
2024-11-05 10:22:58,913 [INFO] IPUIPlugin:80 - create IPUIPlugin
2024-11-05 10:22:58,913 [INFO] PluginManager:220 - loadIPPluginJar : add ts
2024-11-05 10:22:58,914 [INFO] IPUIPlugin:80 - create IPUIPlugin
2024-11-05 10:22:58,914 [INFO] PluginManager:220 - loadIPPluginJar : add hash
2024-11-05 10:22:58,915 [INFO] IPUIPlugin:80 - create IPUIPlugin
2024-11-05 10:22:58,915 [INFO] PluginManager:220 - loadIPPluginJar : add dfsdm
2024-11-05 10:22:58,916 [INFO] IPUIPlugin:80 - create IPUIPlugin
2024-11-05 10:22:58,916 [INFO] PluginManager:220 - loadIPPluginJar : add cryp
2024-11-05 10:22:58,917 [INFO] IPUIPlugin:80 - create IPUIPlugin
2024-11-05 10:22:58,917 [INFO] PluginManager:220 - loadIPPluginJar : add i2c
2024-11-05 10:22:58,917 [INFO] IPUIPlugin:80 - create IPUIPlugin
2024-11-05 10:22:58,918 [INFO] PluginManager:220 - loadIPPluginJar : add genericplugin
2024-11-05 10:22:58,919 [INFO] IPUIPlugin:80 - create IPUIPlugin
2024-11-05 10:22:58,919 [INFO] PluginManager:220 - loadIPPluginJar : add spi
2024-11-05 10:22:58,920 [INFO] IPUIPlugin:80 - create IPUIPlugin
2024-11-05 10:22:58,920 [INFO] PluginManager:220 - loadIPPluginJar : add tracer_emb
2024-11-05 10:22:58,921 [INFO] IPUIPlugin:80 - create IPUIPlugin
2024-11-05 10:22:58,921 [INFO] PluginManager:220 - loadIPPluginJar : add resmgrutility
2024-11-05 10:22:58,922 [INFO] IPUIPlugin:80 - create IPUIPlugin
2024-11-05 10:22:58,922 [INFO] PluginManager:220 - loadIPPluginJar : add dma3
2024-11-05 10:22:58,924 [INFO] IPUIPlugin:80 - create IPUIPlugin
2024-11-05 10:22:58,924 [INFO] PluginManager:220 - loadIPPluginJar : add ucpd
2024-11-05 10:22:59,007 [INFO] CADModel:165 - CPN selected for project level
2024-11-05 10:22:59,007 [INFO] CADModel:114 - Register for checkConnection events
2024-11-05 10:22:59,007 [FATAL] Updater:308 - Updater called before beeing initialized
2024-11-05 10:22:59,008 [ERROR] CADModel:125 - Updater not yet initialized, retry later 
2024-11-05 10:22:59,103 [INFO] CADModel:165 - CPN selected for project level
2024-11-05 10:22:59,103 [INFO] CADModel:114 - Register for checkConnection events
2024-11-05 10:22:59,103 [FATAL] Updater:308 - Updater called before beeing initialized
2024-11-05 10:22:59,103 [ERROR] CADModel:125 - Updater not yet initialized, retry later 
2024-11-05 10:22:59,104 [FATAL] Updater:308 - Updater called before beeing initialized
2024-11-05 10:22:59,142 [FATAL] Updater:308 - Updater called before beeing initialized
2024-11-05 10:22:59,145 [INFO] DbMcusAds:53 - JSON generation date=Wed Nov 29 13:52:27 MSK 2023 (1701255147349)
2024-11-05 10:22:59,146 [FATAL] Updater:308 - Updater called before beeing initialized
2024-11-05 10:22:59,162 [WARN] DetailPanel:346 - Failed to get advertising image, set to default
2024-11-05 10:22:59,204 [FATAL] Updater:308 - Updater called before beeing initialized
2024-11-05 10:22:59,205 [FATAL] Updater:308 - Updater called before beeing initialized
2024-11-05 10:22:59,205 [FATAL] Updater:308 - Updater called before beeing initialized
2024-11-05 10:22:59,205 [WARN] DetailPanel:346 - Failed to get advertising image, set to default
2024-11-05 10:22:59,206 [FATAL] Updater:308 - Updater called before beeing initialized
2024-11-05 10:22:59,220 [ERROR] Updater:1120 - MainUpdater not yet initialized. External WinMGr cannot be set.
2024-11-05 10:22:59,221 [INFO] Updater:1056 - Updater Version found : 6.9.0
2024-11-05 10:22:59,233 [INFO] ApplicationProperties:184 - Using Application install path: /opt/st/stm32cubeide_1.13.0/plugins/com.st.stm32cube.common.mx_6.9.0.202307051724
2024-11-05 10:22:59,329 [ERROR] ServerAccessManage:1096 - Problem, Http access forbiden
2024-11-05 10:22:59,333 [INFO] MainUpdater:2868 - connection check result : 22
2024-11-05 10:22:59,334 [INFO] MainUpdater:285 - Updater Check For Update Now.
2024-11-05 10:22:59,335 [INFO] MicroXplorer:498 - Change Database Version : DB.6.0.90
2024-11-05 10:22:59,340 [INFO] McuFinderGlobals:63 - Set McuFinder mode to 2 (CubeIDE integrated)
2024-11-05 10:22:59,340 [INFO] UserAuth:179 - activating auth plugin
2024-11-05 10:22:59,345 [INFO] UserAuth:393 - Internet connection configuration mode: 2
2024-11-05 10:22:59,471 [INFO] CheckServerUpdateThread:120 - End of CheckServer Thread
2024-11-05 10:23:01,603 [WARN] PackLoader:240 - Cannot read IP mode file for STMicroelectronics.X-CUBE-SMBUS.2.1.0
2024-11-05 10:23:01,605 [WARN] PackLoader:240 - Cannot read IP mode file for STMicroelectronics.X-CUBE-TOUCHGFX.4.23.0
2024-11-05 10:23:01,615 [WARN] PackLoader:240 - Cannot read IP mode file for STMicroelectronics.X-CUBE-AZRTOS-F7.1.1.0
2024-11-05 10:23:01,619 [WARN] PackLoader:240 - Cannot read IP mode file for STMicroelectronics.FP-SNS-MOTENV1.4.3.2
2024-11-05 10:23:01,621 [WARN] PackLoader:240 - Cannot read IP mode file for STMicroelectronics.FP-SNS-FLIGHT1.5.0.2
2024-11-05 10:23:01,624 [WARN] PackLoader:240 - Cannot read IP mode file for STMicroelectronics.X-CUBE-DISPLAY.3.0.0
2024-11-05 10:23:01,630 [WARN] PackLoader:240 - Cannot read IP mode file for STMicroelectronics.X-CUBE-BLE1.7.0.0
2024-11-05 10:23:01,632 [WARN] PackLoader:240 - Cannot read IP mode file for emotas.I-CUBE-CANOPEN.1.3.0
2024-11-05 10:23:01,634 [WARN] PackLoader:240 - Cannot read IP mode file for STMicroelectronics.FP-SNS-SMARTAG2.1.2.0
2024-11-05 10:23:01,638 [INFO] LogOutputStream:77 - [STDOUT_REDIRECT] 1 : Invalid condition id : UX_CORESTACK_Condition cause : null
2024-11-05 10:23:01,638 [INFO] LogOutputStream:77 - [STDOUT_REDIRECT] 1 : Invalid condition id : UX_CORESTACK_Condition cause : null
2024-11-05 10:23:01,638 [INFO] LogOutputStream:77 - [STDOUT_REDIRECT] 1 : Invalid condition id : UX_CORESTACK_Condition cause : null
2024-11-05 10:23:01,639 [INFO] LogOutputStream:77 - [STDOUT_REDIRECT] 1 : Invalid condition id : UX_CORESTACK_Condition cause : null
2024-11-05 10:23:01,639 [INFO] LogOutputStream:77 - [STDOUT_REDIRECT] 1 : Invalid condition id : UX_CORESTACK_Condition cause : null
2024-11-05 10:23:01,641 [WARN] PackLoader:240 - Cannot read IP mode file for STMicroelectronics.X-CUBE-AZRTOS-WL.2.0.0
2024-11-05 10:23:01,644 [WARN] PackLoader:240 - Cannot read IP mode file for WES.I-CUBE-Cesium.1.3.0
2024-11-05 10:23:01,646 [WARN] PackLoader:240 - Cannot read IP mode file for STMicroelectronics.X-CUBE-BLE2.3.3.0
2024-11-05 10:23:01,649 [WARN] PackLoader:240 - Cannot read IP mode file for STMicroelectronics.X-CUBE-ALGOBUILD.1.3.0
2024-11-05 10:23:01,658 [WARN] PackLoader:240 - Cannot read IP mode file for STMicroelectronics.X-CUBE-AZRTOS-G0.1.1.0
2024-11-05 10:23:01,663 [WARN] PackLoader:240 - Cannot read IP mode file for STMicroelectronics.X-CUBE-NFC4.3.0.0
2024-11-05 10:23:01,669 [WARN] PackLoader:240 - Cannot read IP mode file for STMicroelectronics.X-CUBE-BLEMGR.3.0.0
2024-11-05 10:23:01,672 [WARN] PackLoader:240 - Cannot read IP mode file for STMicroelectronics.FP-ATR-SIGFOX1.3.2.0
2024-11-05 10:23:01,675 [WARN] PackLoader:240 - Cannot read IP mode file for STMicroelectronics.X-CUBE-EEPRMA1.5.1.0
2024-11-05 10:23:01,687 [WARN] PackLoader:240 - Cannot read IP mode file for SEGGER.I-CUBE-embOS.1.3.1
2024-11-05 10:23:01,709 [WARN] PackLoader:240 - Cannot read IP mode file for STMicroelectronics.X-CUBE-GNSS1.6.0.0
2024-11-05 10:23:01,721 [WARN] PackLoader:240 - Cannot read IP mode file for STMicroelectronics.X-CUBE-AZRTOS-F4.1.1.0
2024-11-05 10:23:01,726 [WARN] PackLoader:240 - Cannot read IP mode file for wolfSSL.I-CUBE-wolfSSL.5.6.6
2024-11-05 10:23:01,736 [WARN] PackLoader:240 - Cannot read IP mode file for STMicroelectronics.X-CUBE-AZRTOS-L5.2.0.0
2024-11-05 10:23:01,742 [WARN] PackLoader:240 - Cannot read IP mode file for STMicroelectronics.X-CUBE-EEPRMA1.4.2.0
2024-11-05 10:23:01,745 [WARN] PackLoader:240 - Cannot read IP mode file for ITTIA_DB.I-CUBE-ITTIADB.8.8.0
2024-11-05 10:23:01,749 [WARN] PackLoader:240 - Cannot read IP mode file for STMicroelectronics.X-CUBE-NFC7.1.0.1
2024-11-05 10:23:01,755 [WARN] PackLoader:240 - Cannot read IP mode file for STMicroelectronics.X-CUBE-NFC6.3.0.0
2024-11-05 10:23:01,758 [WARN] PackLoader:240 - Cannot read IP mode file for STMicroelectronics.X-CUBE-AI.8.1.0
2024-11-05 10:23:01,767 [WARN] ConditionMgr:438 - getConditionDescription Invalid condition id : LAN8742 Phy interface Condition cause : null
2024-11-05 10:23:01,768 [WARN] PackLoader:240 - Cannot read IP mode file for STMicroelectronics.X-CUBE-AZRTOS-L4.2.0.0
2024-11-05 10:23:01,769 [WARN] ConditionMgr:1039 - genDependencies : Invalid condition id : LAN8742 Phy interface Condition cause : null
2024-11-05 10:23:01,769 [WARN] ConditionMgr:1039 - genDependencies : Invalid condition id : LAN8742 Phy interface Condition cause : null
2024-11-05 10:23:01,769 [WARN] ConditionMgr:1039 - genDependencies : Invalid condition id : LAN8742 Phy interface Condition cause : null
2024-11-05 10:23:01,775 [WARN] PackLoader:240 - Cannot read IP mode file for STMicroelectronics.X-CUBE-SFXS2LP1.4.0.0
2024-11-05 10:23:01,783 [WARN] ConditionMgr:438 - getConditionDescription Invalid condition id : UX DEVICE CLASS RTOS Condition cause : null
2024-11-05 10:23:01,784 [WARN] ConditionMgr:438 - getConditionDescription Invalid condition id : UX DEVICE CLASS RTOS Condition cause : null
2024-11-05 10:23:01,785 [WARN] PackLoader:240 - Cannot read IP mode file for STMicroelectronics.X-CUBE-AZRTOS-WB.2.0.0
2024-11-05 10:23:01,785 [WARN] ConditionMgr:1039 - genDependencies : Invalid condition id : UX DEVICE CLASS RTOS Condition cause : null
2024-11-05 10:23:01,785 [WARN] ConditionMgr:1039 - genDependencies : Invalid condition id : UX DEVICE CLASS RTOS Condition cause : null
2024-11-05 10:23:01,786 [WARN] ConditionMgr:1039 - genDependencies : Invalid condition id : UX DEVICE CLASS RTOS Condition cause : null
2024-11-05 10:23:01,786 [WARN] ConditionMgr:1039 - genDependencies : Invalid condition id : UX DEVICE CLASS RTOS Condition cause : null
2024-11-05 10:23:01,786 [WARN] ConditionMgr:1039 - genDependencies : Invalid condition id : UX DEVICE CLASS RTOS Condition cause : null
2024-11-05 10:23:01,793 [WARN] PackLoader:240 - Cannot read IP mode file for STMicroelectronics.X-CUBE-SUBG2.5.0.0
2024-11-05 10:23:01,807 [WARN] PackLoader:240 - Cannot read IP mode file for STMicroelectronics.X-CUBE-AZRTOS-G4.2.0.0
2024-11-05 10:23:01,815 [WARN] PackLoader:240 - Cannot read IP mode file for Infineon.AIROC-Wi-Fi-Bluetooth-STM32.1.5.1
2024-11-05 10:23:01,820 [WARN] PackLoader:240 - Cannot read IP mode file for STMicroelectronics.FP-SNS-MOTENVWB1.1.3.1
2024-11-05 10:23:01,824 [WARN] PackLoader:240 - Cannot read IP mode file for STMicroelectronics.X-CUBE-ISPU.2.0.0
2024-11-05 10:23:01,844 [WARN] PackLoader:240 - Cannot read IP mode file for STMicroelectronics.X-CUBE-MEMS1.10.0.0
2024-11-05 10:23:01,899 [WARN] PackLoader:240 - Cannot read IP mode file for STMicroelectronics.X-CUBE-FREERTOS.1.1.0
2024-11-05 10:23:01,902 [WARN] PackLoader:240 - Cannot read IP mode file for portGmbH.I-Cube-SoM-uGOAL.1.1.0
2024-11-05 10:23:01,904 [WARN] PackLoader:240 - Cannot read IP mode file for STMicroelectronics.X-CUBE-ALS.1.0.1
2024-11-05 10:23:01,906 [WARN] PackLoader:240 - Cannot read IP mode file for STMicroelectronics.FP-ATR-ASTRA1.2.0.0
2024-11-05 10:23:01,910 [WARN] PackLoader:240 - Cannot read IP mode file for STMicroelectronics.X-CUBE-TOF1.3.4.0
2024-11-05 10:23:01,918 [WARN] PackLoader:240 - Cannot read IP mode file for STMicroelectronics.X-CUBE-AZRTOS-H7.3.2.0
2024-11-05 10:23:01,920 [INFO] ThirdParty:978 - Integrity check success = true
2024-11-05 10:23:01,920 [INFO] IntegrityCheckThread:100 - exiting critical section [integrity check]
2024-11-05 10:23:01,920 [INFO] IntegrityCheckThread:103 - End integrity checks thread
2024-11-05 10:23:19,552 [ERROR] LogOutputStream:75 - [STDERR_REDIRECT] SLF4J: Failed to load class "org.slf4j.impl.StaticLoggerBinder".
2024-11-05 10:23:19,552 [ERROR] LogOutputStream:75 - [STDERR_REDIRECT] SLF4J: Defaulting to no-operation (NOP) logger implementation
2024-11-05 10:23:19,552 [ERROR] LogOutputStream:75 - [STDERR_REDIRECT] SLF4J: See http://www.slf4j.org/codes.html#StaticLoggerBinder for further details.
